** (<unknown>:5226): DEBUG: Client registered with session manager: /org/gnome/SessionManager/Client1
Window manager warning: Failed to read saved session file /var/lib/gdm3/.config/metacity/sessions/1060d98757b6749452143200646092919300000052220006.ms: Failed to open file '/var/lib/gdm3/.config/metacity/sessions/1060d98757b6749452143200646092919300000052220006.ms': No such file or directory
** (process:5241): DEBUG: Greeter session pid=5241 display=:1.0 xauthority=/var/run/gdm3/auth-for-Debian-gdm-QHy9qa/database

(polkit-gnome-authentication-agent-1:5242): GLib-GObject-WARNING **: cannot register existing type `_PolkitError'

(polkit-gnome-authentication-agent-1:5242): GLib-CRITICAL **: g_once_init_leave: assertion `initialization_value != 0' failed

** (gnome-power-backlight-helper:5244): WARNING **: failed to find any devices: Error opening directory '/sys/class/backlight': No such file or directory
gdm-simple-greeter[5241]: Gtk-WARNING: /build/buildd-gtk+2.0_2.20.1-2-armel-VLYQ8c/gtk+2.0-2.20.1/gtk/gtkwidget.c:5628: widget not within a GtkWindow
Window manager warning: Buggy client sent a _NET_ACTIVE_WINDOW message with a timestamp of 0 for 0x1400028 (Login Wind)
Window manager warning: meta_window_activate called by a pager with a 0 timestamp; the pager needs to be fixed.
Window manager warning: Buggy client sent a _NET_ACTIVE_WINDOW message with a timestamp of 0 for 0x1400028 (Login Wind)
Window manager warning: meta_window_activate called by a pager with a 0 timestamp; the pager needs to be fixed.
Window manager warning: Buggy client sent a _NET_ACTIVE_WINDOW message with a timestamp of 0 for 0x1400028 (Login Wind)
Window manager warning: meta_window_activate called by a pager with a 0 timestamp; the pager needs to be fixed.
Internal error:   Could not resolve keysym dead_V
Internal error:   Could not resolve keysym dead_V
Window manager warning: Buggy client sent a _NET_ACTIVE_WINDOW message with a timestamp of 0 for 0x1400028 (Login Wind)
Window manager warning: meta_window_activate called by a pager with a 0 timestamp; the pager needs to be fixed.
Internal error:   Could not resolve keysym dead_V
Internal error:   Could not resolve keysym dead_V
Internal error:   Could not resolve keysym dead_V

(polkit-gnome-authentication-agent-1:5242): polkit-gnome-1-WARNING **: Error enumerating temporary authorizations: Remote Exception invoking org.freedesktop.PolicyKit1.Authority.EnumerateTemporaryAuthorizations() on /org/freedesktop/PolicyKit1/Authority at name org.freedesktop.PolicyKit1: org.freedesktop.DBus.Error.NoReply: Did not receive a reply. Possible causes include: the remote application did not send a reply, the message bus security policy blocked the reply, the reply timeout expired, or the network connection was broken.

(polkit-gnome-authentication-agent-1:5242): polkit-gnome-1-WARNING **: Error enumerating temporary authorizations: Remote Exception invoking org.freedesktop.PolicyKit1.Authority.EnumerateTemporaryAuthorizations() on /org/freedesktop/PolicyKit1/Authority at name org.freedesktop.PolicyKit1: org.freedesktop.DBus.Error.NoReply: Did not receive a reply. Possible causes include: the remote application did not send a reply, the message bus security policy blocked the reply, the reply timeout expired, or the network connection was broken.
gnome-session[5222]: WARNING: Client '/org/gnome/SessionManager/Client4' failed to reply before timeout
gnome-session[5222]: WARNING: Client '/org/gnome/SessionManager/Client3' failed to reply before timeout
gnome-session[5222]: WARNING: Unable to find desktop file 'gdm-simple-greeter.desktop': Valid key file could not be found in search dirs
gnome-session[5222]: WARNING: Unable to find desktop file 'gnome-gdm-simple-greeter.desktop.desktop': Valid key file could not be found in search dirs

** (gnome-power-manager:5240): WARNING **: IsActive failed: Did not receive a reply. Possible causes include: the remote application did not send a reply, the message bus security policy blocked the reply, the reply timeout expired, or the network connection was broken.

** (gnome-power-manager:5240): WARNING **: IsActive failed: Did not receive a reply. Possible causes include: the remote application did not send a reply, the message bus security policy blocked the reply, the reply timeout expired, or the network connection was broken.
Window manager warning: Buggy client sent a _NET_ACTIVE_WINDOW message with a timestamp of 0 for 0x40000b ()
Window manager warning: meta_window_activate called by a pager with a 0 timestamp; the pager needs to be fixed.
gdm-simple-greeter[5241]: WARNING: SelectLayout org.freedesktop.DBus.Error.NoReply raised: Did not receive a reply. Possible causes include: the remote application did not send a reply, the message bus security policy blocked the reply, the reply timeout expired, or the network connection was broken.

Internal error:   Could not resolve keysym dead_V
gdm-simple-greeter[5241]: WARNING: SelectLayout org.freedesktop.DBus.Error.NoReply raised: Did not receive a reply. Possible causes include: the remote application did not send a reply, the message bus security policy blocked the reply, the reply timeout expired, or the network connection was broken.

Internal error:   Could not resolve keysym dead_V
gdm-simple-greeter[5241]: WARNING: Failed to send buffer

** (gnome-power-manager:5240): WARNING **: Failed to send buffer

(gnome-power-manager:5240): atk-bridge-WARNING **: AT_SPI_REGISTRY was not started at session startup.

(gnome-power-manager:5240): atk-bridge-WARNING **: IOR not set.

(gnome-power-manager:5240): atk-bridge-WARNING **: AT_SPI_REGISTRY was not started at session startup.

(gnome-power-manager:5240): atk-bridge-WARNING **: IOR not set.
Window manager warning: CurrentTime used to choose focus window; focus window may not be correct.
Window manager warning: Got a request to focus the no_focus_window with a timestamp of 0.  This shouldn't happen!

(gnome-settings-daemon:5230): atk-bridge-WARNING **: AT_SPI_REGISTRY was not started at session startup.

(gnome-settings-daemon:5230): atk-bridge-WARNING **: IOR not set.

(gnome-settings-daemon:5230): atk-bridge-WARNING **: AT_SPI_REGISTRY was not started at session startup.

(gnome-settings-daemon:5230): atk-bridge-WARNING **: IOR not set.

(gnome-settings-daemon:5230): atk-bridge-WARNING **: AT_SPI_REGISTRY was not started at session startup.

(gnome-settings-daemon:5230): atk-bridge-WARNING **: IOR not set.

(gnome-settings-daemon:5230): atk-bridge-WARNING **: AT_SPI_REGISTRY was not started at session startup.

(gnome-settings-daemon:5230): atk-bridge-WARNING **: IOR not set.

(gnome-settings-daemon:5230): atk-bridge-WARNING **: AT_SPI_REGISTRY was not started at session startup.

(gnome-settings-daemon:5230): atk-bridge-WARNING **: IOR not set.

(gnome-settings-daemon:5230): atk-bridge-WARNING **: AT_SPI_REGISTRY was not started at session startup.

(gnome-settings-daemon:5230): atk-bridge-WARNING **: IOR not set.

(gnome-settings-daemon:5230): atk-bridge-WARNING **: AT_SPI_REGISTRY was not started at session startup.

(gnome-settings-daemon:5230): atk-bridge-WARNING **: IOR not set.

(gnome-settings-daemon:5230): atk-bridge-WARNING **: AT_SPI_REGISTRY was not started at session startup.

(gnome-settings-daemon:5230): atk-bridge-WARNING **: IOR not set.

(gnome-settings-daemon:5230): atk-bridge-WARNING **: AT_SPI_REGISTRY was not started at session startup.

(gnome-settings-daemon:5230): atk-bridge-WARNING **: IOR not set.

(polkit-gnome-authentication-agent-1:5242): polkit-gnome-1-WARNING **: Error enumerating temporary authorizations: Remote Exception invoking org.freedesktop.PolicyKit1.Authority.EnumerateTemporaryAuthorizations() on /org/freedesktop/PolicyKit1/Authority at name org.freedesktop.PolicyKit1: org.freedesktop.PolicyKit1.Error.Failed: Cannot determine session the caller is in

(polkit-gnome-authentication-agent-1:5242): polkit-gnome-1-WARNING **: Error enumerating temporary authorizations: Remote Exception invoking org.freedesktop.PolicyKit1.Authority.EnumerateTemporaryAuthorizations() on /org/freedesktop/PolicyKit1/Authority at name org.freedesktop.PolicyKit1: org.freedesktop.PolicyKit1.Error.Failed: Cannot determine session the caller is in
polkit-gnome-authentication-agent-1: Fatal IO error 11 (Resource temporarily unavailable) on X server :1.0.
The application 'polkit-gnome-authentication-agent-1' lost its connection to the display :1.0;
most likely the X server was shut down or you killed/destroyed
the application.
