2015-05-18 15:24:44 startup archives unpack
2015-05-18 15:24:48 install ttf-bengali-fonts <none> 1:0.5.11
2015-05-18 15:24:48 status half-installed ttf-bengali-fonts 1:0.5.11
2015-05-18 15:24:48 status triggers-pending fontconfig 2.8.0-2.1
2015-05-18 15:24:48 status half-installed ttf-bengali-fonts 1:0.5.11
2015-05-18 15:24:52 status unpacked ttf-bengali-fonts 1:0.5.11
2015-05-18 15:24:52 status unpacked ttf-bengali-fonts 1:0.5.11
2015-05-18 15:24:52 install ttf-gujarati-fonts <none> 1:0.5.11
2015-05-18 15:24:52 status half-installed ttf-gujarati-fonts 1:0.5.11
2015-05-18 15:24:52 status half-installed ttf-gujarati-fonts 1:0.5.11
2015-05-18 15:24:52 status unpacked ttf-gujarati-fonts 1:0.5.11
2015-05-18 15:24:52 status unpacked ttf-gujarati-fonts 1:0.5.11
2015-05-18 15:24:56 install ttf-kannada-fonts <none> 1:0.5.11
2015-05-18 15:24:56 status half-installed ttf-kannada-fonts 1:0.5.11
2015-05-18 15:24:57 status half-installed ttf-kannada-fonts 1:0.5.11
2015-05-18 15:24:58 status unpacked ttf-kannada-fonts 1:0.5.11
2015-05-18 15:24:58 status unpacked ttf-kannada-fonts 1:0.5.11
2015-05-18 15:25:00 install ttf-malayalam-fonts <none> 1:0.5.11
2015-05-18 15:25:00 status half-installed ttf-malayalam-fonts 1:0.5.11
2015-05-18 15:25:00 status half-installed ttf-malayalam-fonts 1:0.5.11
2015-05-18 15:25:01 status unpacked ttf-malayalam-fonts 1:0.5.11
2015-05-18 15:25:01 status unpacked ttf-malayalam-fonts 1:0.5.11
2015-05-18 15:25:06 install ttf-oriya-fonts <none> 1:0.5.11
2015-05-18 15:25:06 status half-installed ttf-oriya-fonts 1:0.5.11
2015-05-18 15:25:07 status half-installed ttf-oriya-fonts 1:0.5.11
2015-05-18 15:25:07 status unpacked ttf-oriya-fonts 1:0.5.11
2015-05-18 15:25:07 status unpacked ttf-oriya-fonts 1:0.5.11
2015-05-18 15:25:07 install ttf-punjabi-fonts <none> 1:0.5.11
2015-05-18 15:25:07 status half-installed ttf-punjabi-fonts 1:0.5.11
2015-05-18 15:25:08 status half-installed ttf-punjabi-fonts 1:0.5.11
2015-05-18 15:25:08 status unpacked ttf-punjabi-fonts 1:0.5.11
2015-05-18 15:25:08 status unpacked ttf-punjabi-fonts 1:0.5.11
2015-05-18 15:25:08 install ttf-tamil-fonts <none> 1:0.5.11
2015-05-18 15:25:08 status half-installed ttf-tamil-fonts 1:0.5.11
2015-05-18 15:25:08 status half-installed ttf-tamil-fonts 1:0.5.11
2015-05-18 15:25:09 status unpacked ttf-tamil-fonts 1:0.5.11
2015-05-18 15:25:09 status unpacked ttf-tamil-fonts 1:0.5.11
2015-05-18 15:25:10 install ttf-telugu-fonts <none> 1:0.5.11
2015-05-18 15:25:10 status half-installed ttf-telugu-fonts 1:0.5.11
2015-05-18 15:25:10 status half-installed ttf-telugu-fonts 1:0.5.11
2015-05-18 15:25:10 status unpacked ttf-telugu-fonts 1:0.5.11
2015-05-18 15:25:10 status unpacked ttf-telugu-fonts 1:0.5.11
2015-05-18 15:25:10 install ttf-indic-fonts <none> 1:0.5.11
2015-05-18 15:25:10 status half-installed ttf-indic-fonts 1:0.5.11
2015-05-18 15:25:10 status unpacked ttf-indic-fonts 1:0.5.11
2015-05-18 15:25:10 status unpacked ttf-indic-fonts 1:0.5.11
2015-05-18 15:25:10 trigproc fontconfig 2.8.0-2.1 2.8.0-2.1
2015-05-18 15:25:10 status half-configured fontconfig 2.8.0-2.1
2015-05-18 15:25:13 status installed fontconfig 2.8.0-2.1
2015-05-18 15:25:18 startup packages configure
2015-05-18 15:25:18 configure ttf-bengali-fonts 1:0.5.11 1:0.5.11
2015-05-18 15:25:18 status unpacked ttf-bengali-fonts 1:0.5.11
2015-05-18 15:25:18 status unpacked ttf-bengali-fonts 1:0.5.11
2015-05-18 15:25:18 status half-configured ttf-bengali-fonts 1:0.5.11
2015-05-18 15:25:18 status installed ttf-bengali-fonts 1:0.5.11
2015-05-18 15:25:18 configure ttf-gujarati-fonts 1:0.5.11 1:0.5.11
2015-05-18 15:25:18 status unpacked ttf-gujarati-fonts 1:0.5.11
2015-05-18 15:25:18 status unpacked ttf-gujarati-fonts 1:0.5.11
2015-05-18 15:25:18 status half-configured ttf-gujarati-fonts 1:0.5.11
2015-05-18 15:25:18 status installed ttf-gujarati-fonts 1:0.5.11
2015-05-18 15:25:18 configure ttf-kannada-fonts 1:0.5.11 1:0.5.11
2015-05-18 15:25:18 status unpacked ttf-kannada-fonts 1:0.5.11
2015-05-18 15:25:18 status unpacked ttf-kannada-fonts 1:0.5.11
2015-05-18 15:25:18 status half-configured ttf-kannada-fonts 1:0.5.11
2015-05-18 15:25:18 status installed ttf-kannada-fonts 1:0.5.11
2015-05-18 15:25:18 configure ttf-malayalam-fonts 1:0.5.11 1:0.5.11
2015-05-18 15:25:18 status unpacked ttf-malayalam-fonts 1:0.5.11
2015-05-18 15:25:18 status unpacked ttf-malayalam-fonts 1:0.5.11
2015-05-18 15:25:18 status half-configured ttf-malayalam-fonts 1:0.5.11
2015-05-18 15:25:18 status installed ttf-malayalam-fonts 1:0.5.11
2015-05-18 15:25:18 configure ttf-oriya-fonts 1:0.5.11 1:0.5.11
2015-05-18 15:25:18 status unpacked ttf-oriya-fonts 1:0.5.11
2015-05-18 15:25:18 status unpacked ttf-oriya-fonts 1:0.5.11
2015-05-18 15:25:18 status half-configured ttf-oriya-fonts 1:0.5.11
2015-05-18 15:25:18 status installed ttf-oriya-fonts 1:0.5.11
2015-05-18 15:25:18 configure ttf-punjabi-fonts 1:0.5.11 1:0.5.11
2015-05-18 15:25:18 status unpacked ttf-punjabi-fonts 1:0.5.11
2015-05-18 15:25:18 status unpacked ttf-punjabi-fonts 1:0.5.11
2015-05-18 15:25:18 status half-configured ttf-punjabi-fonts 1:0.5.11
2015-05-18 15:25:18 status installed ttf-punjabi-fonts 1:0.5.11
2015-05-18 15:25:18 configure ttf-tamil-fonts 1:0.5.11 1:0.5.11
2015-05-18 15:25:18 status unpacked ttf-tamil-fonts 1:0.5.11
2015-05-18 15:25:18 status unpacked ttf-tamil-fonts 1:0.5.11
2015-05-18 15:25:18 status half-configured ttf-tamil-fonts 1:0.5.11
2015-05-18 15:25:18 status installed ttf-tamil-fonts 1:0.5.11
2015-05-18 15:25:18 configure ttf-telugu-fonts 1:0.5.11 1:0.5.11
2015-05-18 15:25:18 status unpacked ttf-telugu-fonts 1:0.5.11
2015-05-18 15:25:18 status unpacked ttf-telugu-fonts 1:0.5.11
2015-05-18 15:25:18 status half-configured ttf-telugu-fonts 1:0.5.11
2015-05-18 15:25:18 status installed ttf-telugu-fonts 1:0.5.11
2015-05-18 15:25:18 configure ttf-indic-fonts 1:0.5.11 1:0.5.11
2015-05-18 15:25:18 status unpacked ttf-indic-fonts 1:0.5.11
2015-05-18 15:25:18 status half-configured ttf-indic-fonts 1:0.5.11
2015-05-18 15:25:18 status installed ttf-indic-fonts 1:0.5.11
2015-05-18 19:46:48 startup archives unpack
2015-05-18 19:46:52 install gtk2-engines-sapwood <none> 3.1.1.debian.10+0m5-1
2015-05-18 19:46:52 status half-installed gtk2-engines-sapwood 3.1.1.debian.10+0m5-1
2015-05-18 19:46:54 status unpacked gtk2-engines-sapwood 3.1.1.debian.10+0m5-1
2015-05-18 19:46:54 status unpacked gtk2-engines-sapwood 3.1.1.debian.10+0m5-1
2015-05-18 19:46:55 install libhildon-1-0 <none> 2.1.34.debian.1-7
2015-05-18 19:46:55 status half-installed libhildon-1-0 2.1.34.debian.1-7
2015-05-18 19:46:56 status unpacked libhildon-1-0 2.1.34.debian.1-7
2015-05-18 19:46:56 status unpacked libhildon-1-0 2.1.34.debian.1-7
2015-05-18 19:46:57 install libhildonwm0 <none> 1:2.0.19.debian.1-3
2015-05-18 19:46:57 status half-installed libhildonwm0 1:2.0.19.debian.1-3
2015-05-18 19:46:57 status unpacked libhildonwm0 1:2.0.19.debian.1-3
2015-05-18 19:46:57 status unpacked libhildonwm0 1:2.0.19.debian.1-3
2015-05-18 19:46:59 install libhildondesktop0 <none> 1:2.0.19.debian.1-3
2015-05-18 19:46:59 status half-installed libhildondesktop0 1:2.0.19.debian.1-3
2015-05-18 19:46:59 status unpacked libhildondesktop0 1:2.0.19.debian.1-3
2015-05-18 19:46:59 status unpacked libhildondesktop0 1:2.0.19.debian.1-3
2015-05-18 19:47:00 install libosso-dbus-conf <none> 2.16.debian.1-1
2015-05-18 19:47:00 status half-installed libosso-dbus-conf 2.16.debian.1-1
2015-05-18 19:47:00 status unpacked libosso-dbus-conf 2.16.debian.1-1
2015-05-18 19:47:00 status unpacked libosso-dbus-conf 2.16.debian.1-1
2015-05-18 19:47:00 install libosso1 <none> 2.16.debian.1-1
2015-05-18 19:47:00 status half-installed libosso1 2.16.debian.1-1
2015-05-18 19:47:01 status unpacked libosso1 2.16.debian.1-1
2015-05-18 19:47:01 status unpacked libosso1 2.16.debian.1-1
2015-05-18 19:47:01 install libhildonhelp0 <none> 2.0.5.debian.5-1+b1
2015-05-18 19:47:01 status half-installed libhildonhelp0 2.0.5.debian.5-1+b1
2015-05-18 19:47:01 status unpacked libhildonhelp0 2.0.5.debian.5-1+b1
2015-05-18 19:47:01 status unpacked libhildonhelp0 2.0.5.debian.5-1+b1
2015-05-18 19:47:01 install maemo-af-desktop-l10n-engb <none> 3.0.r4480.debian-2
2015-05-18 19:47:01 status half-installed maemo-af-desktop-l10n-engb 3.0.r4480.debian-2
2015-05-18 19:47:01 status unpacked maemo-af-desktop-l10n-engb 3.0.r4480.debian-2
2015-05-18 19:47:02 status unpacked maemo-af-desktop-l10n-engb 3.0.r4480.debian-2
2015-05-18 19:47:02 install hildon-icons <none> 2.1.debian-3
2015-05-18 19:47:02 status half-installed hildon-icons 2.1.debian-3
2015-05-18 19:47:09 status unpacked hildon-icons 2.1.debian-3
2015-05-18 19:47:09 status unpacked hildon-icons 2.1.debian-3
2015-05-18 19:47:09 install hildon-theme-plankton <none> 4.14.5.debian.1-1
2015-05-18 19:47:09 status half-installed hildon-theme-plankton 4.14.5.debian.1-1
2015-05-18 19:47:14 status unpacked hildon-theme-plankton 4.14.5.debian.1-1
2015-05-18 19:47:15 status unpacked hildon-theme-plankton 4.14.5.debian.1-1
2015-05-18 19:47:17 install hildon-desktop <none> 1:2.0.19.debian.1-3
2015-05-18 19:47:17 status half-installed hildon-desktop 1:2.0.19.debian.1-3
2015-05-18 19:47:17 status triggers-pending gnome-menus 2.30.3-1
2015-05-18 19:47:17 status half-installed hildon-desktop 1:2.0.19.debian.1-3
2015-05-18 19:47:17 status triggers-pending desktop-file-utils 0.15-2
2015-05-18 19:47:17 status half-installed hildon-desktop 1:2.0.19.debian.1-3
2015-05-18 19:47:19 status unpacked hildon-desktop 1:2.0.19.debian.1-3
2015-05-18 19:47:19 status unpacked hildon-desktop 1:2.0.19.debian.1-3
2015-05-18 19:47:20 trigproc gnome-menus 2.30.3-1 3.2.0.1-2
2015-05-18 19:47:20 status half-configured gnome-menus 2.30.3-1
2015-05-18 19:47:21 status installed gnome-menus 2.30.3-1
2015-05-18 19:47:21 trigproc desktop-file-utils 0.15-2 0.15-2
2015-05-18 19:47:21 status half-configured desktop-file-utils 0.15-2
2015-05-18 19:47:22 status installed desktop-file-utils 0.15-2
2015-05-18 19:47:24 startup packages configure
2015-05-18 19:47:24 configure gtk2-engines-sapwood 3.1.1.debian.10+0m5-1 3.1.1.debian.10+0m5-1
2015-05-18 19:47:24 status unpacked gtk2-engines-sapwood 3.1.1.debian.10+0m5-1
2015-05-18 19:47:24 status unpacked gtk2-engines-sapwood 3.1.1.debian.10+0m5-1
2015-05-18 19:47:24 status half-configured gtk2-engines-sapwood 3.1.1.debian.10+0m5-1
2015-05-18 19:47:24 status installed gtk2-engines-sapwood 3.1.1.debian.10+0m5-1
2015-05-18 19:47:24 configure libhildon-1-0 2.1.34.debian.1-7 2.1.34.debian.1-7
2015-05-18 19:47:24 status unpacked libhildon-1-0 2.1.34.debian.1-7
2015-05-18 19:47:24 status half-configured libhildon-1-0 2.1.34.debian.1-7
2015-05-18 19:47:25 status installed libhildon-1-0 2.1.34.debian.1-7
2015-05-18 19:47:26 configure libhildonwm0 1:2.0.19.debian.1-3 1:2.0.19.debian.1-3
2015-05-18 19:47:26 status unpacked libhildonwm0 1:2.0.19.debian.1-3
2015-05-18 19:47:26 status half-configured libhildonwm0 1:2.0.19.debian.1-3
2015-05-18 19:47:26 status installed libhildonwm0 1:2.0.19.debian.1-3
2015-05-18 19:47:26 configure libhildondesktop0 1:2.0.19.debian.1-3 1:2.0.19.debian.1-3
2015-05-18 19:47:26 status unpacked libhildondesktop0 1:2.0.19.debian.1-3
2015-05-18 19:47:26 status half-configured libhildondesktop0 1:2.0.19.debian.1-3
2015-05-18 19:47:27 status installed libhildondesktop0 1:2.0.19.debian.1-3
2015-05-18 19:47:27 configure libosso-dbus-conf 2.16.debian.1-1 2.16.debian.1-1
2015-05-18 19:47:27 status unpacked libosso-dbus-conf 2.16.debian.1-1
2015-05-18 19:47:27 status unpacked libosso-dbus-conf 2.16.debian.1-1
2015-05-18 19:47:27 status half-configured libosso-dbus-conf 2.16.debian.1-1
2015-05-18 19:47:27 status installed libosso-dbus-conf 2.16.debian.1-1
2015-05-18 19:47:27 configure libosso1 2.16.debian.1-1 2.16.debian.1-1
2015-05-18 19:47:27 status unpacked libosso1 2.16.debian.1-1
2015-05-18 19:47:27 status half-configured libosso1 2.16.debian.1-1
2015-05-18 19:47:28 status installed libosso1 2.16.debian.1-1
2015-05-18 19:47:28 configure libhildonhelp0 2.0.5.debian.5-1+b1 2.0.5.debian.5-1+b1
2015-05-18 19:47:28 status unpacked libhildonhelp0 2.0.5.debian.5-1+b1
2015-05-18 19:47:28 status half-configured libhildonhelp0 2.0.5.debian.5-1+b1
2015-05-18 19:47:28 status installed libhildonhelp0 2.0.5.debian.5-1+b1
2015-05-18 19:47:28 configure maemo-af-desktop-l10n-engb 3.0.r4480.debian-2 3.0.r4480.debian-2
2015-05-18 19:47:28 status unpacked maemo-af-desktop-l10n-engb 3.0.r4480.debian-2
2015-05-18 19:47:28 status half-configured maemo-af-desktop-l10n-engb 3.0.r4480.debian-2
2015-05-18 19:47:28 status installed maemo-af-desktop-l10n-engb 3.0.r4480.debian-2
2015-05-18 19:47:28 configure hildon-icons 2.1.debian-3 2.1.debian-3
2015-05-18 19:47:28 status unpacked hildon-icons 2.1.debian-3
2015-05-18 19:47:28 status half-configured hildon-icons 2.1.debian-3
2015-05-18 19:47:32 status installed hildon-icons 2.1.debian-3
2015-05-18 19:47:34 configure hildon-theme-plankton 4.14.5.debian.1-1 4.14.5.debian.1-1
2015-05-18 19:47:34 status unpacked hildon-theme-plankton 4.14.5.debian.1-1
2015-05-18 19:47:36 status half-configured hildon-theme-plankton 4.14.5.debian.1-1
2015-05-18 19:47:37 status installed hildon-theme-plankton 4.14.5.debian.1-1
2015-05-18 19:47:37 configure hildon-desktop 1:2.0.19.debian.1-3 1:2.0.19.debian.1-3
2015-05-18 19:47:37 status unpacked hildon-desktop 1:2.0.19.debian.1-3
2015-05-18 19:47:37 status unpacked hildon-desktop 1:2.0.19.debian.1-3
2015-05-18 19:47:37 status unpacked hildon-desktop 1:2.0.19.debian.1-3
2015-05-18 19:47:37 status unpacked hildon-desktop 1:2.0.19.debian.1-3
2015-05-18 19:47:37 status unpacked hildon-desktop 1:2.0.19.debian.1-3
2015-05-18 19:47:37 status unpacked hildon-desktop 1:2.0.19.debian.1-3
2015-05-18 19:47:37 status unpacked hildon-desktop 1:2.0.19.debian.1-3
2015-05-18 19:47:37 status unpacked hildon-desktop 1:2.0.19.debian.1-3
2015-05-18 19:47:37 status unpacked hildon-desktop 1:2.0.19.debian.1-3
2015-05-18 19:47:37 status unpacked hildon-desktop 1:2.0.19.debian.1-3
2015-05-18 19:47:37 status half-configured hildon-desktop 1:2.0.19.debian.1-3
2015-05-18 19:47:37 status installed hildon-desktop 1:2.0.19.debian.1-3
2015-05-19 03:02:12 startup packages purge
2015-05-19 03:02:12 status installed hildon-desktop 1:2.0.19.debian.1-3
2015-05-19 03:02:15 remove hildon-desktop 1:2.0.19.debian.1-3 1:2.0.19.debian.1-3
2015-05-19 03:02:15 status half-configured hildon-desktop 1:2.0.19.debian.1-3
2015-05-19 03:02:15 status half-installed hildon-desktop 1:2.0.19.debian.1-3
2015-05-19 03:02:15 status triggers-pending gnome-menus 2.30.3-1
2015-05-19 03:02:15 status half-installed hildon-desktop 1:2.0.19.debian.1-3
2015-05-19 03:02:15 status triggers-pending desktop-file-utils 0.15-2
2015-05-19 03:02:15 status half-installed hildon-desktop 1:2.0.19.debian.1-3
2015-05-19 03:02:15 status config-files hildon-desktop 1:2.0.19.debian.1-3
2015-05-19 03:02:15 purge hildon-desktop 1:2.0.19.debian.1-3 1:2.0.19.debian.1-3
2015-05-19 03:02:15 status config-files hildon-desktop 1:2.0.19.debian.1-3
2015-05-19 03:02:15 status config-files hildon-desktop 1:2.0.19.debian.1-3
2015-05-19 03:02:15 status config-files hildon-desktop 1:2.0.19.debian.1-3
2015-05-19 03:02:15 status config-files hildon-desktop 1:2.0.19.debian.1-3
2015-05-19 03:02:15 status config-files hildon-desktop 1:2.0.19.debian.1-3
2015-05-19 03:02:16 status not-installed hildon-desktop <none>
2015-05-19 03:02:16 status installed hildon-icons 2.1.debian-3
2015-05-19 03:02:16 remove hildon-icons 2.1.debian-3 2.1.debian-3
2015-05-19 03:02:16 status half-configured hildon-icons 2.1.debian-3
2015-05-19 03:02:16 status half-installed hildon-icons 2.1.debian-3
2015-05-19 03:02:17 status config-files hildon-icons 2.1.debian-3
2015-05-19 03:02:17 purge hildon-icons 2.1.debian-3 2.1.debian-3
2015-05-19 03:02:17 status config-files hildon-icons 2.1.debian-3
2015-05-19 03:02:17 status config-files hildon-icons 2.1.debian-3
2015-05-19 03:02:17 status config-files hildon-icons 2.1.debian-3
2015-05-19 03:02:18 status config-files hildon-icons 2.1.debian-3
2015-05-19 03:02:18 status config-files hildon-icons 2.1.debian-3
2015-05-19 03:02:18 status not-installed hildon-icons <none>
2015-05-19 03:02:18 status installed hildon-theme-plankton 4.14.5.debian.1-1
2015-05-19 03:02:18 remove hildon-theme-plankton 4.14.5.debian.1-1 4.14.5.debian.1-1
2015-05-19 03:02:18 status half-configured hildon-theme-plankton 4.14.5.debian.1-1
2015-05-19 03:02:18 status half-installed hildon-theme-plankton 4.14.5.debian.1-1
2015-05-19 03:02:19 status config-files hildon-theme-plankton 4.14.5.debian.1-1
2015-05-19 03:02:19 status config-files hildon-theme-plankton 4.14.5.debian.1-1
2015-05-19 03:02:19 status config-files hildon-theme-plankton 4.14.5.debian.1-1
2015-05-19 03:02:19 status not-installed hildon-theme-plankton <none>
2015-05-19 03:02:19 status installed libhildonhelp0 2.0.5.debian.5-1+b1
2015-05-19 03:02:19 remove libhildonhelp0 2.0.5.debian.5-1+b1 2.0.5.debian.5-1+b1
2015-05-19 03:02:19 status half-configured libhildonhelp0 2.0.5.debian.5-1+b1
2015-05-19 03:02:19 status half-installed libhildonhelp0 2.0.5.debian.5-1+b1
2015-05-19 03:02:21 status config-files libhildonhelp0 2.0.5.debian.5-1+b1
2015-05-19 03:02:21 purge libhildonhelp0 2.0.5.debian.5-1+b1 2.0.5.debian.5-1+b1
2015-05-19 03:02:21 status config-files libhildonhelp0 2.0.5.debian.5-1+b1
2015-05-19 03:02:21 status config-files libhildonhelp0 2.0.5.debian.5-1+b1
2015-05-19 03:02:21 status config-files libhildonhelp0 2.0.5.debian.5-1+b1
2015-05-19 03:02:21 status config-files libhildonhelp0 2.0.5.debian.5-1+b1
2015-05-19 03:02:21 status config-files libhildonhelp0 2.0.5.debian.5-1+b1
2015-05-19 03:02:21 status not-installed libhildonhelp0 <none>
2015-05-19 03:02:21 status installed libhildondesktop0 1:2.0.19.debian.1-3
2015-05-19 03:02:21 remove libhildondesktop0 1:2.0.19.debian.1-3 1:2.0.19.debian.1-3
2015-05-19 03:02:21 status half-configured libhildondesktop0 1:2.0.19.debian.1-3
2015-05-19 03:02:21 status half-installed libhildondesktop0 1:2.0.19.debian.1-3
2015-05-19 03:02:21 status config-files libhildondesktop0 1:2.0.19.debian.1-3
2015-05-19 03:02:21 purge libhildondesktop0 1:2.0.19.debian.1-3 1:2.0.19.debian.1-3
2015-05-19 03:02:21 status config-files libhildondesktop0 1:2.0.19.debian.1-3
2015-05-19 03:02:21 status config-files libhildondesktop0 1:2.0.19.debian.1-3
2015-05-19 03:02:21 status config-files libhildondesktop0 1:2.0.19.debian.1-3
2015-05-19 03:02:21 status config-files libhildondesktop0 1:2.0.19.debian.1-3
2015-05-19 03:02:21 status config-files libhildondesktop0 1:2.0.19.debian.1-3
2015-05-19 03:02:21 status not-installed libhildondesktop0 <none>
2015-05-19 03:02:21 status installed libhildon-1-0 2.1.34.debian.1-7
2015-05-19 03:02:21 remove libhildon-1-0 2.1.34.debian.1-7 2.1.34.debian.1-7
2015-05-19 03:02:21 status half-configured libhildon-1-0 2.1.34.debian.1-7
2015-05-19 03:02:21 status half-installed libhildon-1-0 2.1.34.debian.1-7
2015-05-19 03:02:23 status config-files libhildon-1-0 2.1.34.debian.1-7
2015-05-19 03:02:23 purge libhildon-1-0 2.1.34.debian.1-7 2.1.34.debian.1-7
2015-05-19 03:02:23 status config-files libhildon-1-0 2.1.34.debian.1-7
2015-05-19 03:02:24 status config-files libhildon-1-0 2.1.34.debian.1-7
2015-05-19 03:02:25 status config-files libhildon-1-0 2.1.34.debian.1-7
2015-05-19 03:02:25 status config-files libhildon-1-0 2.1.34.debian.1-7
2015-05-19 03:02:25 status config-files libhildon-1-0 2.1.34.debian.1-7
2015-05-19 03:02:25 status not-installed libhildon-1-0 <none>
2015-05-19 03:02:25 status installed libhildonwm0 1:2.0.19.debian.1-3
2015-05-19 03:02:26 remove libhildonwm0 1:2.0.19.debian.1-3 1:2.0.19.debian.1-3
2015-05-19 03:02:26 status half-configured libhildonwm0 1:2.0.19.debian.1-3
2015-05-19 03:02:26 status half-installed libhildonwm0 1:2.0.19.debian.1-3
2015-05-19 03:02:26 status config-files libhildonwm0 1:2.0.19.debian.1-3
2015-05-19 03:02:26 purge libhildonwm0 1:2.0.19.debian.1-3 1:2.0.19.debian.1-3
2015-05-19 03:02:26 status config-files libhildonwm0 1:2.0.19.debian.1-3
2015-05-19 03:02:26 status config-files libhildonwm0 1:2.0.19.debian.1-3
2015-05-19 03:02:26 status config-files libhildonwm0 1:2.0.19.debian.1-3
2015-05-19 03:02:26 status config-files libhildonwm0 1:2.0.19.debian.1-3
2015-05-19 03:02:26 status config-files libhildonwm0 1:2.0.19.debian.1-3
2015-05-19 03:02:26 status not-installed libhildonwm0 <none>
2015-05-19 03:02:26 trigproc gnome-menus 2.30.3-1 3.2.0.1-2
2015-05-19 03:02:26 status half-configured gnome-menus 2.30.3-1
2015-05-19 03:02:27 status installed gnome-menus 2.30.3-1
2015-05-19 03:02:27 trigproc desktop-file-utils 0.15-2 0.15-2
2015-05-19 03:02:27 status half-configured desktop-file-utils 0.15-2
2015-05-19 03:02:27 status installed desktop-file-utils 0.15-2
