** (<unknown>:1637): DEBUG: Client registered with session manager: /org/gnome/SessionManager/Client1
Window manager warning: Failed to read saved session file /var/lib/gdm3/.config/metacity/sessions/10d49f5e9abf5e13dd143206144564087800000016160006.ms: Failed to open file '/var/lib/gdm3/.config/metacity/sessions/10d49f5e9abf5e13dd143206144564087800000016160006.ms': No such file or directory
** (process:1652): DEBUG: Greeter session pid=1652 display=:0.0 xauthority=/var/run/gdm3/auth-for-Debian-gdm-rXcHrh/database

(polkit-gnome-authentication-agent-1:1653): GLib-GObject-WARNING **: cannot register existing type `_PolkitError'

(polkit-gnome-authentication-agent-1:1653): GLib-CRITICAL **: g_once_init_leave: assertion `initialization_value != 0' failed

** (gnome-power-backlight-helper:1664): WARNING **: failed to find any devices: Error opening directory '/sys/class/backlight': No such file or directory
gdm-simple-greeter[1652]: Gtk-WARNING: /build/buildd-gtk+2.0_2.20.1-2-armel-VLYQ8c/gtk+2.0-2.20.1/gtk/gtkwidget.c:5628: widget not within a GtkWindow
Window manager warning: Buggy client sent a _NET_ACTIVE_WINDOW message with a timestamp of 0 for 0x1600028 (Login Wind)
Window manager warning: meta_window_activate called by a pager with a 0 timestamp; the pager needs to be fixed.
Window manager warning: Buggy client sent a _NET_ACTIVE_WINDOW message with a timestamp of 0 for 0x1600028 (Login Wind)
Window manager warning: meta_window_activate called by a pager with a 0 timestamp; the pager needs to be fixed.
Internal error:   Could not resolve keysym dead_V
Internal error:   Could not resolve keysym dead_V
Window manager warning: CurrentTime used to choose focus window; focus window may not be correct.
Window manager warning: Got a request to focus the no_focus_window with a timestamp of 0.  This shouldn't happen!

(gnome-power-manager:1651): GLib-GObject-CRITICAL **: g_object_unref: assertion `G_IS_OBJECT (object)' failed
gdm-simple-greeter[1652]: WARNING: Failed to send buffer

** (gnome-power-manager:1651): WARNING **: Failed to send buffer

(gnome-power-manager:1651): atk-bridge-WARNING **: AT_SPI_REGISTRY was not started at session startup.

(gnome-power-manager:1651): atk-bridge-WARNING **: IOR not set.

(gnome-power-manager:1651): atk-bridge-WARNING **: AT_SPI_REGISTRY was not started at session startup.

(gnome-power-manager:1651): atk-bridge-WARNING **: IOR not set.

(polkit-gnome-authentication-agent-1:1653): polkit-gnome-1-WARNING **: Error enumerating temporary authorizations: Remote Exception invoking org.freedesktop.PolicyKit1.Authority.EnumerateTemporaryAuthorizations() on /org/freedesktop/PolicyKit1/Authority at name org.freedesktop.PolicyKit1: org.freedesktop.PolicyKit1.Error.Failed: Cannot determine session the caller is in

(polkit-gnome-authentication-agent-1:1653): polkit-gnome-1-WARNING **: Error enumerating temporary authorizations: Remote Exception invoking org.freedesktop.PolicyKit1.Authority.EnumerateTemporaryAuthorizations() on /org/freedesktop/PolicyKit1/Authority at name org.freedesktop.PolicyKit1: org.freedesktop.PolicyKit1.Error.Failed: Cannot determine session the caller is in

(polkit-gnome-authentication-agent-1:1653): polkit-gnome-1-WARNING **: Error enumerating temporary authorizations: Remote Exception invoking org.freedesktop.PolicyKit1.Authority.EnumerateTemporaryAuthorizations() on /org/freedesktop/PolicyKit1/Authority at name org.freedesktop.PolicyKit1: org.freedesktop.PolicyKit1.Error.Failed: Cannot determine session the caller is in

(gnome-settings-daemon:1640): atk-bridge-WARNING **: AT_SPI_REGISTRY was not started at session startup.

(gnome-settings-daemon:1640): atk-bridge-WARNING **: IOR not set.

(gnome-settings-daemon:1640): atk-bridge-WARNING **: AT_SPI_REGISTRY was not started at session startup.

(gnome-settings-daemon:1640): atk-bridge-WARNING **: IOR not set.

(gnome-settings-daemon:1640): atk-bridge-WARNING **: AT_SPI_REGISTRY was not started at session startup.

(gnome-settings-daemon:1640): atk-bridge-WARNING **: IOR not set.

(gnome-settings-daemon:1640): atk-bridge-WARNING **: AT_SPI_REGISTRY was not started at session startup.

(gnome-settings-daemon:1640): atk-bridge-WARNING **: IOR not set.

(gnome-settings-daemon:1640): atk-bridge-WARNING **: AT_SPI_REGISTRY was not started at session startup.

(gnome-settings-daemon:1640): atk-bridge-WARNING **: IOR not set.

(gnome-settings-daemon:1640): atk-bridge-WARNING **: AT_SPI_REGISTRY was not started at session startup.

(gnome-settings-daemon:1640): atk-bridge-WARNING **: IOR not set.

(gnome-settings-daemon:1640): atk-bridge-WARNING **: AT_SPI_REGISTRY was not started at session startup.

(gnome-settings-daemon:1640): atk-bridge-WARNING **: IOR not set.

(gnome-settings-daemon:1640): atk-bridge-WARNING **: AT_SPI_REGISTRY was not started at session startup.

(gnome-settings-daemon:1640): atk-bridge-WARNING **: IOR not set.

(gnome-settings-daemon:1640): atk-bridge-WARNING **: AT_SPI_REGISTRY was not started at session startup.

(gnome-settings-daemon:1640): atk-bridge-WARNING **: IOR not set.
polkit-gnome-authentication-agent-1: Fatal IO error 11 (Resource temporarily unavailable) on X server :0.0.
polkit-gnome-authentication-agent-1: Fatal IO error 2 (No such file or directory) on X server :0.0.
